
sfs_init()
    conn:
    proto_major = 7
    proto_minor = 22
    async_read = 1
    max_write = 131072
    max_readahead = 131072
    capable = 00000ffb
    want = 00000010
    context:
    fuse = 011ab4c0
    uid = 0
    gid = 0
    pid = 0
    private_data = 011ab010
    logfile = 011ab030
    diskfile = /tmp/alh220/testfsfile
    umask = 00000
leaving init function

sfs_getattr(path="/", statbuf=0x4f017c10)
findInode
block #: 0
blocks[block] = 1
in the 1st if statement
input path: /
inode path: /
in the 2nd if statement
else stmt of getattr
leaving getattr

sfs_getattr(path="/", statbuf=0x4f818c10)
findInode
block #: 0
blocks[block] = 1
in the 1st if statement
input path: /
inode path: /
in the 2nd if statement
else stmt of getattr
leaving getattr

sfs_opendir

sfs_readdir: /
in readdir
findInode
block #: 0
blocks[block] = 1
in the 1st if statement
input path: /
inode path: /
in the 2nd if statement

sfs_getattr(path="/", statbuf=0x4f818c10)
findInode
block #: 0
blocks[block] = 1
in the 1st if statement
input path: /
inode path: /
in the 2nd if statement
else stmt of getattr
leaving getattr

sfs_getattr(path="/test", statbuf=0x4f818c40)
findInode
block #: 0
blocks[block] = 1
in the 1st if statement
input path: /test
inode path: /
out of 2nd
out of 1st
block #: 1
blocks[block] = 0
out of 1st
block #: 2
blocks[block] = 0
out of 1st
block #: 3
blocks[block] = 0
out of 1st
block #: 4
blocks[block] = 0
out of 1st
block #: 5
blocks[block] = 0
out of 1st
block #: 6
blocks[block] = 0
out of 1st
block #: 7
blocks[block] = 0
out of 1st
block #: 8
blocks[block] = 0
out of 1st
block #: 9
blocks[block] = 0
out of 1st
block #: 10
blocks[block] = 0
out of 1st
block #: 11
blocks[block] = 0
out of 1st
block #: 12
blocks[block] = 0
out of 1st
block #: 13
blocks[block] = 0
out of 1st
block #: 14
blocks[block] = 0
out of 1st
block #: 15
blocks[block] = 0
out of 1st
block #: 16
blocks[block] = 0
out of 1st
block #: 17
blocks[block] = 0
out of 1st
block #: 18
blocks[block] = 0
out of 1st
block #: 19
blocks[block] = 0
out of 1st
block #: 20
blocks[block] = 0
out of 1st
block #: 21
blocks[block] = 0
out of 1st
block #: 22
blocks[block] = 0
out of 1st
block #: 23
blocks[block] = 0
out of 1st
block #: 24
blocks[block] = 0
out of 1st
block #: 25
blocks[block] = 0
out of 1st
block #: 26
blocks[block] = 0
out of 1st
block #: 27
blocks[block] = 0
out of 1st
block #: 28
blocks[block] = 0
out of 1st
block #: 29
blocks[block] = 0
out of 1st
block #: 30
blocks[block] = 0
out of 1st
block #: 31
blocks[block] = 0
out of 1st
block #: 32
blocks[block] = 0
out of 1st
block #: 33
blocks[block] = 0
out of 1st
block #: 34
blocks[block] = 0
out of 1st
block #: 35
blocks[block] = 0
out of 1st
block #: 36
blocks[block] = 0
out of 1st
block #: 37
blocks[block] = 0
out of 1st
block #: 38
blocks[block] = 0
out of 1st
block #: 39
blocks[block] = 0
out of 1st
block #: 40
blocks[block] = 0
out of 1st
block #: 41
blocks[block] = 0
out of 1st
block #: 42
blocks[block] = 0
out of 1st
block #: 43
blocks[block] = 0
out of 1st
block #: 44
blocks[block] = 0
out of 1st
block #: 45
blocks[block] = 0
out of 1st
block #: 46
blocks[block] = 0
out of 1st
block #: 47
blocks[block] = 0
out of 1st
block #: 48
blocks[block] = 0
out of 1st
block #: 49
blocks[block] = 0
out of 1st
block #: 50
blocks[block] = 0
out of 1st
block #: 51
blocks[block] = 0
out of 1st
block #: 52
blocks[block] = 0
out of 1st
block #: 53
blocks[block] = 0
out of 1st
block #: 54
blocks[block] = 0
out of 1st
block #: 55
blocks[block] = 0
out of 1st
block #: 56
blocks[block] = 0
out of 1st
block #: 57
blocks[block] = 0
out of 1st
block #: 58
blocks[block] = 0
out of 1st
block #: 59
blocks[block] = 0
out of 1st
block #: 60
blocks[block] = 0
out of 1st
block #: 61
blocks[block] = 0
out of 1st
block #: 62
blocks[block] = 0
out of 1st
block #: 63
blocks[block] = 0
out of 1st
block #: 64
blocks[block] = 0
out of 1st
block #: 65
blocks[block] = 0
out of 1st
block #: 66
blocks[block] = 0
out of 1st
block #: 67
blocks[block] = 0
out of 1st
block #: 68
blocks[block] = 0
out of 1st
block #: 69
blocks[block] = 0
out of 1st
block #: 70
blocks[block] = 0
out of 1st
block #: 71
blocks[block] = 0
out of 1st
block #: 72
blocks[block] = 0
out of 1st
block #: 73
blocks[block] = 0
out of 1st
block #: 74
blocks[block] = 0
out of 1st
block #: 75
blocks[block] = 0
out of 1st
block #: 76
blocks[block] = 0
out of 1st
block #: 77
blocks[block] = 0
out of 1st
block #: 78
blocks[block] = 0
out of 1st
block #: 79
blocks[block] = 0
out of 1st
block #: 80
blocks[block] = 0
out of 1st
block #: 81
blocks[block] = 0
out of 1st
block #: 82
blocks[block] = 0
out of 1st
block #: 83
blocks[block] = 0
out of 1st
block #: 84
blocks[block] = 0
out of 1st
block #: 85
blocks[block] = 0
out of 1st
block #: 86
blocks[block] = 0
out of 1st
block #: 87
blocks[block] = 0
out of 1st
block #: 88
blocks[block] = 0
out of 1st
block #: 89
blocks[block] = 0
out of 1st
block #: 90
blocks[block] = 0
out of 1st
block #: 91
blocks[block] = 0
out of 1st
block #: 92
blocks[block] = 0
out of 1st
block #: 93
blocks[block] = 0
out of 1st
block #: 94
blocks[block] = 0
out of 1st
block #: 95
blocks[block] = 0
out of 1st
block #: 96
blocks[block] = 0
out of 1st
block #: 97
blocks[block] = 0
out of 1st
block #: 98
blocks[block] = 0
out of 1st
block #: 99
blocks[block] = 0
out of 1st
block #: 100
blocks[block] = 0
out of 1st
block #: 101
blocks[block] = 0
out of 1st
block #: 102
blocks[block] = 0
out of 1st
block #: 103
blocks[block] = 0
out of 1st
block #: 104
blocks[block] = 0
out of 1st
block #: 105
blocks[block] = 0
out of 1st
block #: 106
blocks[block] = 0
out of 1st
block #: 107
blocks[block] = 0
out of 1st
block #: 108
blocks[block] = 0
out of 1st
block #: 109
blocks[block] = 0
out of 1st
block #: 110
blocks[block] = 0
out of 1st
block #: 111
blocks[block] = 0
out of 1st
block #: 112
blocks[block] = 0
out of 1st
block #: 113
blocks[block] = 0
out of 1st
block #: 114
blocks[block] = 0
out of 1st
block #: 115
blocks[block] = 0
out of 1st
block #: 116
blocks[block] = 0
out of 1st
block #: 117
blocks[block] = 0
out of 1st
block #: 118
blocks[block] = 0
out of 1st
block #: 119
blocks[block] = 0
out of 1st
block #: 120
blocks[block] = 0
out of 1st
block #: 121
blocks[block] = 0
out of 1st
block #: 122
blocks[block] = 0
out of 1st
block #: 123
blocks[block] = 0
out of 1st
block #: 124
blocks[block] = 0
out of 1st
block #: 125
blocks[block] = 0
out of 1st
block #: 126
blocks[block] = 0
out of 1st
block #: 127
blocks[block] = 0
out of 1st
block #: 128
blocks[block] = 0
out of 1st
block #: 129
blocks[block] = 0
out of 1st
block #: 130
blocks[block] = 0
out of 1st
block #: 131
blocks[block] = 0
out of 1st
block #: 132
blocks[block] = 0
out of 1st
block #: 133
blocks[block] = 0
out of 1st
block #: 134
blocks[block] = 0
out of 1st
block #: 135
blocks[block] = 0
out of 1st
block #: 136
blocks[block] = 0
out of 1st
block #: 137
blocks[block] = 0
out of 1st
block #: 138
blocks[block] = 0
out of 1st
block #: 139
blocks[block] = 0
out of 1st
block #: 140
blocks[block] = 0
out of 1st
block #: 141
blocks[block] = 0
out of 1st
block #: 142
blocks[block] = 0
out of 1st
block #: 143
blocks[block] = 0
out of 1st
block #: 144
blocks[block] = 0
out of 1st
block #: 145
blocks[block] = 0
out of 1st
block #: 146
blocks[block] = 0
out of 1st
block #: 147
blocks[block] = 0
out of 1st
block #: 148
blocks[block] = 0
out of 1st
block #: 149
blocks[block] = 0
out of 1st
block #: 150
blocks[block] = 0
out of 1st
block #: 151
blocks[block] = 0
out of 1st
block #: 152
blocks[block] = 0
out of 1st
block #: 153
blocks[block] = 0
out of 1st
block #: 154
blocks[block] = 0
out of 1st
block #: 155
blocks[block] = 0
out of 1st
block #: 156
blocks[block] = 0
out of 1st
block #: 157
blocks[block] = 0
out of 1st
block #: 158
blocks[block] = 0
out of 1st
block #: 159
blocks[block] = 0
out of 1st
block #: 160
blocks[block] = 0
out of 1st
block #: 161
blocks[block] = 0
out of 1st
block #: 162
blocks[block] = 0
out of 1st
block #: 163
blocks[block] = 0
out of 1st
block #: 164
blocks[block] = 0
out of 1st
block #: 165
blocks[block] = 0
out of 1st
block #: 166
blocks[block] = 0
out of 1st
block #: 167
blocks[block] = 0
out of 1st
block #: 168
blocks[block] = 0
out of 1st
block #: 169
blocks[block] = 0
out of 1st
block #: 170
blocks[block] = 0
out of 1st
block #: 171
blocks[block] = 0
out of 1st
block #: 172
blocks[block] = 0
out of 1st
block #: 173
blocks[block] = 0
out of 1st
block #: 174
blocks[block] = 0
out of 1st
block #: 175
blocks[block] = 0
out of 1st
block #: 176
blocks[block] = 0
out of 1st
block #: 177
blocks[block] = 0
out of 1st
block #: 178
blocks[block] = 0
out of 1st
block #: 179
blocks[block] = 0
out of 1st
block #: 180
blocks[block] = 0
out of 1st
block #: 181
blocks[block] = 0
out of 1st
block #: 182
blocks[block] = 0
out of 1st
block #: 183
blocks[block] = 0
out of 1st
block #: 184
blocks[block] = 0
out of 1st
block #: 185
blocks[block] = 0
out of 1st
block #: 186
blocks[block] = 0
out of 1st
block #: 187
blocks[block] = 0
out of 1st
block #: 188
blocks[block] = 0
out of 1st
block #: 189
blocks[block] = 0
out of 1st
block #: 190
blocks[block] = 0
out of 1st
block #: 191
blocks[block] = 0
out of 1st
block #: 192
blocks[block] = 0
out of 1st
block #: 193
blocks[block] = 0
out of 1st
block #: 194
blocks[block] = 0
out of 1st
block #: 195
blocks[block] = 0
out of 1st
block #: 196
blocks[block] = 0
out of 1st
block #: 197
blocks[block] = 0
out of 1st
block #: 198
blocks[block] = 0
out of 1st
block #: 199
blocks[block] = 0
out of 1st
block #: 200
blocks[block] = 0
out of 1st
block #: 201
blocks[block] = 0
out of 1st
block #: 202
blocks[block] = 0
out of 1st
block #: 203
blocks[block] = 0
out of 1st
block #: 204
blocks[block] = 0
out of 1st
block #: 205
blocks[block] = 0
out of 1st
block #: 206
blocks[block] = 0
out of 1st
block #: 207
blocks[block] = 0
out of 1st
block #: 208
blocks[block] = 0
out of 1st
block #: 209
blocks[block] = 0
out of 1st
block #: 210
blocks[block] = 0
out of 1st
block #: 211
blocks[block] = 0
out of 1st
block #: 212
blocks[block] = 0
out of 1st
block #: 213
blocks[block] = 0
out of 1st
block #: 214
blocks[block] = 0
out of 1st
block #: 215
blocks[block] = 0
out of 1st
block #: 216
blocks[block] = 0
out of 1st
block #: 217
blocks[block] = 0
out of 1st
block #: 218
blocks[block] = 0
out of 1st
block #: 219
blocks[block] = 0
out of 1st
block #: 220
blocks[block] = 0
out of 1st
block #: 221
blocks[block] = 0
out of 1st
block #: 222
blocks[block] = 0
out of 1st
block #: 223
blocks[block] = 0
out of 1st
block #: 224
blocks[block] = 0
out of 1st
block #: 225
blocks[block] = 0
out of 1st
block #: 226
blocks[block] = 0
out of 1st
block #: 227
blocks[block] = 0
out of 1st
block #: 228
blocks[block] = 0
out of 1st
block #: 229
blocks[block] = 0
out of 1st
block #: 230
blocks[block] = 0
out of 1st
block #: 231
blocks[block] = 0
out of 1st
block #: 232
blocks[block] = 0
out of 1st
block #: 233
blocks[block] = 0
out of 1st
block #: 234
blocks[block] = 0
out of 1st
block #: 235
blocks[block] = 0
out of 1st
block #: 236
blocks[block] = 0
out of 1st
block #: 237
blocks[block] = 0
out of 1st
block #: 238
blocks[block] = 0
out of 1st
block #: 239
blocks[block] = 0
out of 1st
block #: 240
blocks[block] = 0
out of 1st
block #: 241
blocks[block] = 0
out of 1st
block #: 242
blocks[block] = 0
out of 1st
block #: 243
blocks[block] = 0
out of 1st
block #: 244
blocks[block] = 0
out of 1st
block #: 245
blocks[block] = 0
out of 1st
block #: 246
blocks[block] = 0
out of 1st
block #: 247
blocks[block] = 0
out of 1st
block #: 248
blocks[block] = 0
out of 1st
block #: 249
blocks[block] = 0
out of 1st
block #: 250
blocks[block] = 0
out of 1st
block #: 251
blocks[block] = 0
out of 1st
block #: 252
blocks[block] = 0
out of 1st
block #: 253
blocks[block] = 0
out of 1st
block #: 254
blocks[block] = 0
out of 1st
block #: 255
blocks[block] = 0
out of 1st
block #: 256
blocks[block] = 0
out of 1st
block #: 257
blocks[block] = 0
out of 1st
block #: 258
blocks[block] = 0
out of 1st
block #: 259
blocks[block] = 0
out of 1st
block #: 260
blocks[block] = 0
out of 1st
block #: 261
blocks[block] = 0
out of 1st
block #: 262
blocks[block] = 0
out of 1st
block #: 263
blocks[block] = 0
out of 1st
block #: 264
blocks[block] = 0
out of 1st
block #: 265
blocks[block] = 0
out of 1st
block #: 266
blocks[block] = 0
out of 1st
block #: 267
blocks[block] = 0
out of 1st
block #: 268
blocks[block] = 0
out of 1st
block #: 269
blocks[block] = 0
out of 1st
block #: 270
blocks[block] = 0
out of 1st
block #: 271
blocks[block] = 0
out of 1st
block #: 272
blocks[block] = 0
out of 1st
block #: 273
blocks[block] = 0
out of 1st
block #: 274
blocks[block] = 0
out of 1st
block #: 275
blocks[block] = 0
out of 1st
block #: 276
blocks[block] = 0
out of 1st
block #: 277
blocks[block] = 0
out of 1st
block #: 278
blocks[block] = 0
out of 1st
block #: 279
blocks[block] = 0
out of 1st
block #: 280
blocks[block] = 0
out of 1st
block #: 281
blocks[block] = 0
out of 1st
block #: 282
blocks[block] = 0
out of 1st
block #: 283
blocks[block] = 0
out of 1st
block #: 284
blocks[block] = 0
out of 1st
block #: 285
blocks[block] = 0
out of 1st
block #: 286
blocks[block] = 0
out of 1st
block #: 287
blocks[block] = 0
out of 1st
block #: 288
blocks[block] = 0
out of 1st
if stmt of getattr
File not found

sfs_create(path="/test", mode=0100600, fi=0x4f017cf0)
findFirstFreeInode
block #: 0
block #: 1

sfs_getattr(path="/test", statbuf=0x4f017c00)
findInode
block #: 0
blocks[block] = 1
in the 1st if statement
input path: /test
inode path: /
out of 2nd
out of 1st
block #: 1
blocks[block] = 1
in the 1st if statement
input path: /test
inode path: /test
in the 2nd if statement
else stmt of getattr
leaving getattr

sfs_release(path="/test", fi=0x4f017cf0)

sfs_opendir

sfs_readdir: /
in readdir
findInode
block #: 0
blocks[block] = 1
in the 1st if statement
input path: /
inode path: /
in the 2nd if statement

sfs_getattr(path="/", statbuf=0x4f818c10)
findInode
block #: 0
blocks[block] = 1
in the 1st if statement
input path: /
inode path: /
in the 2nd if statement
else stmt of getattr
leaving getattr

sfs_getattr(path="/", statbuf=0x4f017c10)
findInode
block #: 0
blocks[block] = 1
in the 1st if statement
input path: /
inode path: /
in the 2nd if statement
else stmt of getattr
leaving getattr
